[10-Feb-2018 17:07:08 UTC] PHP Fatal error:  Call to undefined method AppBundle\Entity\Formation::setName() in /home/ubuntu/workspace/src/AppBundle/Controller/DefaultController.php on line 53
[10-Feb-2018 17:07:08 UTC] PHP Stack trace:
[10-Feb-2018 17:07:08 UTC] PHP   1. {main}() /home/ubuntu/workspace/web/app_dev.php:0
[10-Feb-2018 17:07:08 UTC] PHP   2. Symfony\Component\HttpKernel\Kernel->handle() /home/ubuntu/workspace/web/app_dev.php:29
[10-Feb-2018 17:07:08 UTC] PHP   3. Symfony\Component\HttpKernel\HttpKernel->handle() /home/ubuntu/workspace/vendor/symfony/symfony/src/Symfony/Component/HttpKernel/Kernel.php:202
[10-Feb-2018 17:07:08 UTC] PHP   4. Symfony\Component\HttpKernel\HttpKernel->handleRaw() /home/ubuntu/workspace/var/cache/dev/classes.php:4314
[10-Feb-2018 17:07:08 UTC] PHP   5. call_user_func_array:{/home/ubuntu/workspace/var/cache/dev/classes.php:4359}() /home/ubuntu/workspace/var/cache/dev/classes.php:4359
[10-Feb-2018 17:07:08 UTC] PHP   6. AppBundle\Controller\DefaultController->insertAction() /home/ubuntu/workspace/var/cache/dev/classes.php:4359
[10-Feb-2018 17:16:26 UTC] PHP Fatal error:  Class 'AppBundle\Controller\Formation' not found in /home/ubuntu/workspace/src/AppBundle/Controller/DefaultController.php on line 49
[10-Feb-2018 17:16:26 UTC] PHP Stack trace:
[10-Feb-2018 17:16:26 UTC] PHP   1. {main}() /home/ubuntu/workspace/web/app_dev.php:0
[10-Feb-2018 17:16:26 UTC] PHP   2. Symfony\Component\HttpKernel\Kernel->handle() /home/ubuntu/workspace/web/app_dev.php:29
[10-Feb-2018 17:16:26 UTC] PHP   3. Symfony\Component\HttpKernel\HttpKernel->handle() /home/ubuntu/workspace/vendor/symfony/symfony/src/Symfony/Component/HttpKernel/Kernel.php:202
[10-Feb-2018 17:16:26 UTC] PHP   4. Symfony\Component\HttpKernel\HttpKernel->handleRaw() /home/ubuntu/workspace/var/cache/dev/classes.php:4314
[10-Feb-2018 17:16:26 UTC] PHP   5. call_user_func_array:{/home/ubuntu/workspace/var/cache/dev/classes.php:4359}() /home/ubuntu/workspace/var/cache/dev/classes.php:4359
[10-Feb-2018 17:16:26 UTC] PHP   6. AppBundle\Controller\DefaultController->insertAction() /home/ubuntu/workspace/var/cache/dev/classes.php:4359
[10-Feb-2018 17:22:17 UTC] PHP Fatal error:  Class 'AppBundle\Controller\Formation' not found in /home/ubuntu/workspace/src/AppBundle/Controller/DefaultController.php on line 49
[10-Feb-2018 17:22:17 UTC] PHP Stack trace:
[10-Feb-2018 17:22:17 UTC] PHP   1. {main}() /home/ubuntu/workspace/web/app_dev.php:0
[10-Feb-2018 17:22:17 UTC] PHP   2. Symfony\Component\HttpKernel\Kernel->handle() /home/ubuntu/workspace/web/app_dev.php:29
[10-Feb-2018 17:22:17 UTC] PHP   3. Symfony\Component\HttpKernel\HttpKernel->handle() /home/ubuntu/workspace/vendor/symfony/symfony/src/Symfony/Component/HttpKernel/Kernel.php:202
[10-Feb-2018 17:22:17 UTC] PHP   4. Symfony\Component\HttpKernel\HttpKernel->handleRaw() /home/ubuntu/workspace/var/cache/dev/classes.php:4314
[10-Feb-2018 17:22:17 UTC] PHP   5. call_user_func_array:{/home/ubuntu/workspace/var/cache/dev/classes.php:4359}() /home/ubuntu/workspace/var/cache/dev/classes.php:4359
[10-Feb-2018 17:22:17 UTC] PHP   6. AppBundle\Controller\DefaultController->insertAction() /home/ubuntu/workspace/var/cache/dev/classes.php:4359
[10-Feb-2018 17:25:53 UTC] PHP Fatal error:  Class 'AppBundle\Controller\Formation' not found in /home/ubuntu/workspace/src/AppBundle/Controller/DefaultController.php on line 49
[10-Feb-2018 17:25:53 UTC] PHP Stack trace:
[10-Feb-2018 17:25:53 UTC] PHP   1. {main}() /home/ubuntu/workspace/web/app_dev.php:0
[10-Feb-2018 17:25:53 UTC] PHP   2. Symfony\Component\HttpKernel\Kernel->handle() /home/ubuntu/workspace/web/app_dev.php:29
[10-Feb-2018 17:25:53 UTC] PHP   3. Symfony\Component\HttpKernel\HttpKernel->handle() /home/ubuntu/workspace/vendor/symfony/symfony/src/Symfony/Component/HttpKernel/Kernel.php:202
[10-Feb-2018 17:25:53 UTC] PHP   4. Symfony\Component\HttpKernel\HttpKernel->handleRaw() /home/ubuntu/workspace/var/cache/dev/classes.php:4314
[10-Feb-2018 17:25:53 UTC] PHP   5. call_user_func_array:{/home/ubuntu/workspace/var/cache/dev/classes.php:4359}() /home/ubuntu/workspace/var/cache/dev/classes.php:4359
[10-Feb-2018 17:25:53 UTC] PHP   6. AppBundle\Controller\DefaultController->insertAction() /home/ubuntu/workspace/var/cache/dev/classes.php:4359
[10-Feb-2018 17:26:22 UTC] PHP Fatal error:  Class 'AppBundle\Controller\Formation' not found in /home/ubuntu/workspace/src/AppBundle/Controller/DefaultController.php on line 49
[10-Feb-2018 17:26:22 UTC] PHP Stack trace:
[10-Feb-2018 17:26:22 UTC] PHP   1. {main}() /home/ubuntu/workspace/web/app_dev.php:0
[10-Feb-2018 17:26:22 UTC] PHP   2. Symfony\Component\HttpKernel\Kernel->handle() /home/ubuntu/workspace/web/app_dev.php:29
[10-Feb-2018 17:26:22 UTC] PHP   3. Symfony\Component\HttpKernel\HttpKernel->handle() /home/ubuntu/workspace/vendor/symfony/symfony/src/Symfony/Component/HttpKernel/Kernel.php:202
[10-Feb-2018 17:26:22 UTC] PHP   4. Symfony\Component\HttpKernel\HttpKernel->handleRaw() /home/ubuntu/workspace/var/cache/dev/classes.php:4314
[10-Feb-2018 17:26:22 UTC] PHP   5. call_user_func_array:{/home/ubuntu/workspace/var/cache/dev/classes.php:4359}() /home/ubuntu/workspace/var/cache/dev/classes.php:4359
[10-Feb-2018 17:26:22 UTC] PHP   6. AppBundle\Controller\DefaultController->insertAction() /home/ubuntu/workspace/var/cache/dev/classes.php:4359
